<?xml version="1.0" encoding="UTF-8"?>
<!-- Generated by org.testng.reporters.JUnitReportReporter -->
<testsuite hostname="PC-VINEETC1" failures="0" tests="1" name="demoP.SumValidations" time="1.795" errors="0" timestamp="2021-07-11T15:59:49 IST" skipped="0">
  <testcase classname="demoP.SumValidations" name="sumOfCourses" time="1.795"/>
  <system-out/>
</testsuite> <!-- demoP.SumValidations -->
